ERROR - 2025-10-05 10:20:27 --> Error connecting to the database: mysqli_sql_exception: No connection could be made because the target machine actively refused it in C:\xampp\htdocs\KP_Pensiun\system\Database\MySQLi\Connection.php:201
Stack trace:
#0 C:\xampp\htdocs\KP_Pensiun\system\Database\MySQLi\Connection.php(201): mysqli->real_connect('localhost', 'root', Object(SensitiveParameterValue), 'sistem_pensiuna...', 3306, '', 0)
#1 C:\xampp\htdocs\KP_Pensiun\system\Database\BaseConnection.php(419): CodeIgniter\Database\MySQLi\Connection->connect(false)
#2 C:\xampp\htdocs\KP_Pensiun\system\Database\BaseConnection.php(614): CodeIgniter\Database\BaseConnection->initialize()
#3 C:\xampp\htdocs\KP_Pensiun\system\Database\BaseBuilder.php(1649): CodeIgniter\Database\BaseConnection->query('SELECT *\nFROM `...', Array, false)
#4 C:\xampp\htdocs\KP_Pensiun\system\Model.php(330): CodeIgniter\Database\BaseBuilder->get()
#5 C:\xampp\htdocs\KP_Pensiun\system\BaseModel.php(715): CodeIgniter\Model->doFirst()
#6 C:\xampp\htdocs\KP_Pensiun\app\Controllers\Admin\Auth.php(31): CodeIgniter\BaseModel->first()
#7 C:\xampp\htdocs\KP_Pensiun\system\CodeIgniter.php(933): App\Controllers\Admin\Auth->processLogin()
#8 C:\xampp\htdocs\KP_Pensiun\system\CodeIgniter.php(507): CodeIgniter\CodeIgniter->runController(Object(App\Controllers\Admin\Auth))
#9 C:\xampp\htdocs\KP_Pensiun\system\CodeIgniter.php(354): CodeIgniter\CodeIgniter->handleRequest(NULL, Object(Config\Cache), false)
#10 C:\xampp\htdocs\KP_Pensiun\system\Boot.php(363): CodeIgniter\CodeIgniter->run()
#11 C:\xampp\htdocs\KP_Pensiun\system\Boot.php(68): CodeIgniter\Boot::runCodeIgniter(Object(CodeIgniter\CodeIgniter))
#12 C:\xampp\htdocs\KP_Pensiun\public\index.php(59): CodeIgniter\Boot::bootWeb(Object(Config\Paths))
#13 C:\xampp\htdocs\KP_Pensiun\system\rewrite.php(44): require_once('C:\\xampp\\htdocs...')
#14 {main}

Next CodeIgniter\Database\Exceptions\DatabaseException: No connection could be made because the target machine actively refused it in C:\xampp\htdocs\KP_Pensiun\system\Database\MySQLi\Connection.php:246
Stack trace:
#0 C:\xampp\htdocs\KP_Pensiun\system\Database\BaseConnection.php(419): CodeIgniter\Database\MySQLi\Connection->connect(false)
#1 C:\xampp\htdocs\KP_Pensiun\system\Database\BaseConnection.php(614): CodeIgniter\Database\BaseConnection->initialize()
#2 C:\xampp\htdocs\KP_Pensiun\system\Database\BaseBuilder.php(1649): CodeIgniter\Database\BaseConnection->query('SELECT *\nFROM `...', Array, false)
#3 C:\xampp\htdocs\KP_Pensiun\system\Model.php(330): CodeIgniter\Database\BaseBuilder->get()
#4 C:\xampp\htdocs\KP_Pensiun\system\BaseModel.php(715): CodeIgniter\Model->doFirst()
#5 C:\xampp\htdocs\KP_Pensiun\app\Controllers\Admin\Auth.php(31): CodeIgniter\BaseModel->first()
#6 C:\xampp\htdocs\KP_Pensiun\system\CodeIgniter.php(933): App\Controllers\Admin\Auth->processLogin()
#7 C:\xampp\htdocs\KP_Pensiun\system\CodeIgniter.php(507): CodeIgniter\CodeIgniter->runController(Object(App\Controllers\Admin\Auth))
#8 C:\xampp\htdocs\KP_Pensiun\system\CodeIgniter.php(354): CodeIgniter\CodeIgniter->handleRequest(NULL, Object(Config\Cache), false)
#9 C:\xampp\htdocs\KP_Pensiun\system\Boot.php(363): CodeIgniter\CodeIgniter->run()
#10 C:\xampp\htdocs\KP_Pensiun\system\Boot.php(68): CodeIgniter\Boot::runCodeIgniter(Object(CodeIgniter\CodeIgniter))
#11 C:\xampp\htdocs\KP_Pensiun\public\index.php(59): CodeIgniter\Boot::bootWeb(Object(Config\Paths))
#12 C:\xampp\htdocs\KP_Pensiun\system\rewrite.php(44): require_once('C:\\xampp\\htdocs...')
#13 {main}
CRITICAL - 2025-10-05 10:20:27 --> CodeIgniter\Database\Exceptions\DatabaseException: Unable to connect to the database.
Main connection [MySQLi]: No connection could be made because the target machine actively refused it
[Method: POST, Route: login/process]
in SYSTEMPATH\Database\BaseConnection.php on line 465.
 1 SYSTEMPATH\Database\BaseConnection.php(614): CodeIgniter\Database\BaseConnection->initialize()
 2 SYSTEMPATH\Database\BaseBuilder.php(1649): CodeIgniter\Database\BaseConnection->query('SELECT *
FROM `admin`
WHERE `username` = :username:
 LIMIT 1', [...], false)
 3 SYSTEMPATH\Model.php(330): CodeIgniter\Database\BaseBuilder->get()
 4 SYSTEMPATH\BaseModel.php(715): CodeIgniter\Model->doFirst()
 5 APPPATH\Controllers\Admin\Auth.php(31): CodeIgniter\BaseModel->first()
 6 SYSTEMPATH\CodeIgniter.php(933): App\Controllers\Admin\Auth->processLogin()
 7 SYSTEMPATH\CodeIgniter.php(507): CodeIgniter\CodeIgniter->runController(Object(App\Controllers\Admin\Auth))
 8 SYSTEMPATH\CodeIgniter.php(354): CodeIgniter\CodeIgniter->handleRequest(null, Object(Config\Cache), false)
 9 SYSTEMPATH\Boot.php(363): CodeIgniter\CodeIgniter->run()
10 SYSTEMPATH\Boot.php(68): CodeIgniter\Boot::runCodeIgniter(Object(CodeIgniter\CodeIgniter))
11 FCPATH\index.php(59): CodeIgniter\Boot::bootWeb(Object(Config\Paths))
12 SYSTEMPATH\rewrite.php(44): require_once('C:\\xampp\\htdocs\\KP_Pensiun\\public\\index.php')
ERROR - 2025-10-05 10:20:35 --> Error connecting to the database: mysqli_sql_exception: No connection could be made because the target machine actively refused it in C:\xampp\htdocs\KP_Pensiun\system\Database\MySQLi\Connection.php:201
Stack trace:
#0 C:\xampp\htdocs\KP_Pensiun\system\Database\MySQLi\Connection.php(201): mysqli->real_connect('localhost', 'root', Object(SensitiveParameterValue), 'sistem_pensiuna...', 3306, '', 0)
#1 C:\xampp\htdocs\KP_Pensiun\system\Database\BaseConnection.php(419): CodeIgniter\Database\MySQLi\Connection->connect(false)
#2 C:\xampp\htdocs\KP_Pensiun\system\Database\BaseConnection.php(614): CodeIgniter\Database\BaseConnection->initialize()
#3 C:\xampp\htdocs\KP_Pensiun\system\Database\BaseBuilder.php(1649): CodeIgniter\Database\BaseConnection->query('SELECT *\nFROM `...', Array, false)
#4 C:\xampp\htdocs\KP_Pensiun\system\Model.php(330): CodeIgniter\Database\BaseBuilder->get()
#5 C:\xampp\htdocs\KP_Pensiun\system\BaseModel.php(715): CodeIgniter\Model->doFirst()
#6 C:\xampp\htdocs\KP_Pensiun\app\Controllers\Admin\Auth.php(31): CodeIgniter\BaseModel->first()
#7 C:\xampp\htdocs\KP_Pensiun\system\CodeIgniter.php(933): App\Controllers\Admin\Auth->processLogin()
#8 C:\xampp\htdocs\KP_Pensiun\system\CodeIgniter.php(507): CodeIgniter\CodeIgniter->runController(Object(App\Controllers\Admin\Auth))
#9 C:\xampp\htdocs\KP_Pensiun\system\CodeIgniter.php(354): CodeIgniter\CodeIgniter->handleRequest(NULL, Object(Config\Cache), false)
#10 C:\xampp\htdocs\KP_Pensiun\system\Boot.php(363): CodeIgniter\CodeIgniter->run()
#11 C:\xampp\htdocs\KP_Pensiun\system\Boot.php(68): CodeIgniter\Boot::runCodeIgniter(Object(CodeIgniter\CodeIgniter))
#12 C:\xampp\htdocs\KP_Pensiun\public\index.php(59): CodeIgniter\Boot::bootWeb(Object(Config\Paths))
#13 C:\xampp\htdocs\KP_Pensiun\system\rewrite.php(44): require_once('C:\\xampp\\htdocs...')
#14 {main}

Next CodeIgniter\Database\Exceptions\DatabaseException: No connection could be made because the target machine actively refused it in C:\xampp\htdocs\KP_Pensiun\system\Database\MySQLi\Connection.php:246
Stack trace:
#0 C:\xampp\htdocs\KP_Pensiun\system\Database\BaseConnection.php(419): CodeIgniter\Database\MySQLi\Connection->connect(false)
#1 C:\xampp\htdocs\KP_Pensiun\system\Database\BaseConnection.php(614): CodeIgniter\Database\BaseConnection->initialize()
#2 C:\xampp\htdocs\KP_Pensiun\system\Database\BaseBuilder.php(1649): CodeIgniter\Database\BaseConnection->query('SELECT *\nFROM `...', Array, false)
#3 C:\xampp\htdocs\KP_Pensiun\system\Model.php(330): CodeIgniter\Database\BaseBuilder->get()
#4 C:\xampp\htdocs\KP_Pensiun\system\BaseModel.php(715): CodeIgniter\Model->doFirst()
#5 C:\xampp\htdocs\KP_Pensiun\app\Controllers\Admin\Auth.php(31): CodeIgniter\BaseModel->first()
#6 C:\xampp\htdocs\KP_Pensiun\system\CodeIgniter.php(933): App\Controllers\Admin\Auth->processLogin()
#7 C:\xampp\htdocs\KP_Pensiun\system\CodeIgniter.php(507): CodeIgniter\CodeIgniter->runController(Object(App\Controllers\Admin\Auth))
#8 C:\xampp\htdocs\KP_Pensiun\system\CodeIgniter.php(354): CodeIgniter\CodeIgniter->handleRequest(NULL, Object(Config\Cache), false)
#9 C:\xampp\htdocs\KP_Pensiun\system\Boot.php(363): CodeIgniter\CodeIgniter->run()
#10 C:\xampp\htdocs\KP_Pensiun\system\Boot.php(68): CodeIgniter\Boot::runCodeIgniter(Object(CodeIgniter\CodeIgniter))
#11 C:\xampp\htdocs\KP_Pensiun\public\index.php(59): CodeIgniter\Boot::bootWeb(Object(Config\Paths))
#12 C:\xampp\htdocs\KP_Pensiun\system\rewrite.php(44): require_once('C:\\xampp\\htdocs...')
#13 {main}
CRITICAL - 2025-10-05 10:20:35 --> CodeIgniter\Database\Exceptions\DatabaseException: Unable to connect to the database.
Main connection [MySQLi]: No connection could be made because the target machine actively refused it
[Method: POST, Route: login/process]
in SYSTEMPATH\Database\BaseConnection.php on line 465.
 1 SYSTEMPATH\Database\BaseConnection.php(614): CodeIgniter\Database\BaseConnection->initialize()
 2 SYSTEMPATH\Database\BaseBuilder.php(1649): CodeIgniter\Database\BaseConnection->query('SELECT *
FROM `admin`
WHERE `username` = :username:
 LIMIT 1', [...], false)
 3 SYSTEMPATH\Model.php(330): CodeIgniter\Database\BaseBuilder->get()
 4 SYSTEMPATH\BaseModel.php(715): CodeIgniter\Model->doFirst()
 5 APPPATH\Controllers\Admin\Auth.php(31): CodeIgniter\BaseModel->first()
 6 SYSTEMPATH\CodeIgniter.php(933): App\Controllers\Admin\Auth->processLogin()
 7 SYSTEMPATH\CodeIgniter.php(507): CodeIgniter\CodeIgniter->runController(Object(App\Controllers\Admin\Auth))
 8 SYSTEMPATH\CodeIgniter.php(354): CodeIgniter\CodeIgniter->handleRequest(null, Object(Config\Cache), false)
 9 SYSTEMPATH\Boot.php(363): CodeIgniter\CodeIgniter->run()
10 SYSTEMPATH\Boot.php(68): CodeIgniter\Boot::runCodeIgniter(Object(CodeIgniter\CodeIgniter))
11 FCPATH\index.php(59): CodeIgniter\Boot::bootWeb(Object(Config\Paths))
12 SYSTEMPATH\rewrite.php(44): require_once('C:\\xampp\\htdocs\\KP_Pensiun\\public\\index.php')
CRITICAL - 2025-10-05 13:13:41 --> CodeIgniter\Exceptions\BadMethodCallException: Call to undefined method App\Models\PengajuanModel::getAllWithDinas
[Method: GET, Route: admin/pengajuan/daftar]
in SYSTEMPATH\Model.php on line 927.
 1 APPPATH\Controllers\Admin\DaftarPengajuan_Admin.php(18): CodeIgniter\Model->__call('getAllWithDinas', [])
 2 SYSTEMPATH\CodeIgniter.php(933): App\Controllers\Admin\DaftarPengajuan_Admin->index()
 3 SYSTEMPATH\CodeIgniter.php(507): CodeIgniter\CodeIgniter->runController(Object(App\Controllers\Admin\DaftarPengajuan_Admin))
 4 SYSTEMPATH\CodeIgniter.php(354): CodeIgniter\CodeIgniter->handleRequest(null, Object(Config\Cache), false)
 5 SYSTEMPATH\Boot.php(363): CodeIgniter\CodeIgniter->run()
 6 SYSTEMPATH\Boot.php(68): CodeIgniter\Boot::runCodeIgniter(Object(CodeIgniter\CodeIgniter))
 7 FCPATH\index.php(59): CodeIgniter\Boot::bootWeb(Object(Config\Paths))
 8 SYSTEMPATH\rewrite.php(44): require_once('C:\\xampp\\htdocs\\KP_Pensiun\\public\\index.php')
CRITICAL - 2025-10-05 13:16:18 --> ErrorException: Undefined property: App\Controllers\Admin\DaftarPengajuan_Admin::$db
[Method: GET, Route: admin/pengajuan/daftar]
in APPPATH\Controllers\Admin\DaftarPengajuan_Admin.php on line 19.
 1 APPPATH\Controllers\Admin\DaftarPengajuan_Admin.php(19): CodeIgniter\Debug\Exceptions->errorHandler(2, 'Undefined property: App\\Controllers\\Admin\\DaftarPengajuan_Admin::$db', 'C:\\xampp\\htdocs\\KP_Pensiun\\app\\Controllers\\Admin\\DaftarPengajuan_Admin.php', 19)
 2 SYSTEMPATH\CodeIgniter.php(933): App\Controllers\Admin\DaftarPengajuan_Admin->index()
 3 SYSTEMPATH\CodeIgniter.php(507): CodeIgniter\CodeIgniter->runController(Object(App\Controllers\Admin\DaftarPengajuan_Admin))
 4 SYSTEMPATH\CodeIgniter.php(354): CodeIgniter\CodeIgniter->handleRequest(null, Object(Config\Cache), false)
 5 SYSTEMPATH\Boot.php(363): CodeIgniter\CodeIgniter->run()
 6 SYSTEMPATH\Boot.php(68): CodeIgniter\Boot::runCodeIgniter(Object(CodeIgniter\CodeIgniter))
 7 FCPATH\index.php(59): CodeIgniter\Boot::bootWeb(Object(Config\Paths))
 8 SYSTEMPATH\rewrite.php(44): require_once('C:\\xampp\\htdocs\\KP_Pensiun\\public\\index.php')
CRITICAL - 2025-10-05 13:46:23 --> ErrorException: Undefined variable $dinasList
[Method: GET, Route: admin/pengajuan/detail/2]
in APPPATH\Views\admin\kelola_pengajuan.php on line 26.
 1 APPPATH\Views\admin\kelola_pengajuan.php(26): CodeIgniter\Debug\Exceptions->errorHandler(2, 'Undefined variable $dinasList', 'C:\\xampp\\htdocs\\KP_Pensiun\\app\\Views\\admin\\kelola_pengajuan.php', 26)
 2 SYSTEMPATH\View\View.php(226): include('C:\\xampp\\htdocs\\KP_Pensiun\\app\\Views\\admin\\kelola_pengajuan.php')
 3 SYSTEMPATH\View\View.php(229): CodeIgniter\View\View->CodeIgniter\View\{closure}()
 4 SYSTEMPATH\Common.php(1167): CodeIgniter\View\View->render('admin/kelola_pengajuan', [], true)
 5 APPPATH\Controllers\Admin\DetailPengajuan_Admin.php(35): view('admin/kelola_pengajuan', [...])
 6 SYSTEMPATH\CodeIgniter.php(933): App\Controllers\Admin\DetailPengajuan_Admin->index('2')
 7 SYSTEMPATH\CodeIgniter.php(507): CodeIgniter\CodeIgniter->runController(Object(App\Controllers\Admin\DetailPengajuan_Admin))
 8 SYSTEMPATH\CodeIgniter.php(354): CodeIgniter\CodeIgniter->handleRequest(null, Object(Config\Cache), false)
 9 SYSTEMPATH\Boot.php(363): CodeIgniter\CodeIgniter->run()
10 SYSTEMPATH\Boot.php(68): CodeIgniter\Boot::runCodeIgniter(Object(CodeIgniter\CodeIgniter))
11 FCPATH\index.php(59): CodeIgniter\Boot::bootWeb(Object(Config\Paths))
12 SYSTEMPATH\rewrite.php(44): require_once('C:\\xampp\\htdocs\\KP_Pensiun\\public\\index.php')
CRITICAL - 2025-10-05 13:46:28 --> ErrorException: Undefined variable $dinasList
[Method: GET, Route: admin/pengajuan/detail/4]
in APPPATH\Views\admin\kelola_pengajuan.php on line 26.
 1 APPPATH\Views\admin\kelola_pengajuan.php(26): CodeIgniter\Debug\Exceptions->errorHandler(2, 'Undefined variable $dinasList', 'C:\\xampp\\htdocs\\KP_Pensiun\\app\\Views\\admin\\kelola_pengajuan.php', 26)
 2 SYSTEMPATH\View\View.php(226): include('C:\\xampp\\htdocs\\KP_Pensiun\\app\\Views\\admin\\kelola_pengajuan.php')
 3 SYSTEMPATH\View\View.php(229): CodeIgniter\View\View->CodeIgniter\View\{closure}()
 4 SYSTEMPATH\Common.php(1167): CodeIgniter\View\View->render('admin/kelola_pengajuan', [], true)
 5 APPPATH\Controllers\Admin\DetailPengajuan_Admin.php(35): view('admin/kelola_pengajuan', [...])
 6 SYSTEMPATH\CodeIgniter.php(933): App\Controllers\Admin\DetailPengajuan_Admin->index('4')
 7 SYSTEMPATH\CodeIgniter.php(507): CodeIgniter\CodeIgniter->runController(Object(App\Controllers\Admin\DetailPengajuan_Admin))
 8 SYSTEMPATH\CodeIgniter.php(354): CodeIgniter\CodeIgniter->handleRequest(null, Object(Config\Cache), false)
 9 SYSTEMPATH\Boot.php(363): CodeIgniter\CodeIgniter->run()
10 SYSTEMPATH\Boot.php(68): CodeIgniter\Boot::runCodeIgniter(Object(CodeIgniter\CodeIgniter))
11 FCPATH\index.php(59): CodeIgniter\Boot::bootWeb(Object(Config\Paths))
12 SYSTEMPATH\rewrite.php(44): require_once('C:\\xampp\\htdocs\\KP_Pensiun\\public\\index.php')
CRITICAL - 2025-10-05 13:46:35 --> CodeIgniter\View\Exceptions\ViewException: Invalid file: "admin/pengajuan/detail_pengajuan.php"
[Method: GET, Route: admin/pengajuan/detail/4]
in SYSTEMPATH\Exceptions\FrameworkException.php on line 39.
 1 SYSTEMPATH\View\View.php(214): CodeIgniter\Exceptions\FrameworkException::forInvalidFile('admin/pengajuan/detail_pengajuan.php')
 2 SYSTEMPATH\Common.php(1167): CodeIgniter\View\View->render('admin/pengajuan/detail_pengajuan', [], true)
 3 APPPATH\Controllers\Admin\DetailPengajuan_Admin.php(40): view('admin/pengajuan/detail_pengajuan', [...])
 4 SYSTEMPATH\CodeIgniter.php(933): App\Controllers\Admin\DetailPengajuan_Admin->index('4')
 5 SYSTEMPATH\CodeIgniter.php(507): CodeIgniter\CodeIgniter->runController(Object(App\Controllers\Admin\DetailPengajuan_Admin))
 6 SYSTEMPATH\CodeIgniter.php(354): CodeIgniter\CodeIgniter->handleRequest(null, Object(Config\Cache), false)
 7 SYSTEMPATH\Boot.php(363): CodeIgniter\CodeIgniter->run()
 8 SYSTEMPATH\Boot.php(68): CodeIgniter\Boot::runCodeIgniter(Object(CodeIgniter\CodeIgniter))
 9 FCPATH\index.php(59): CodeIgniter\Boot::bootWeb(Object(Config\Paths))
10 SYSTEMPATH\rewrite.php(44): require_once('C:\\xampp\\htdocs\\KP_Pensiun\\public\\index.php')
CRITICAL - 2025-10-05 14:30:30 --> ErrorException: Undefined variable $dinasList
[Method: GET, Route: admin/dataakundinas]
in APPPATH\Views\admin\data_akun_dinas.php on line 37.
 1 APPPATH\Views\admin\data_akun_dinas.php(37): CodeIgniter\Debug\Exceptions->errorHandler(2, 'Undefined variable $dinasList', 'C:\\xampp\\htdocs\\KP_Pensiun\\app\\Views\\admin\\data_akun_dinas.php', 37)
 2 SYSTEMPATH\View\View.php(226): include('C:\\xampp\\htdocs\\KP_Pensiun\\app\\Views\\admin\\data_akun_dinas.php')
 3 SYSTEMPATH\View\View.php(229): CodeIgniter\View\View->CodeIgniter\View\{closure}()
 4 SYSTEMPATH\Common.php(1167): CodeIgniter\View\View->render('admin/data_akun_dinas', [], true)
 5 APPPATH\Controllers\Admin\DataAkunDinas.php(20): view('admin/data_akun_dinas', [...])
 6 SYSTEMPATH\CodeIgniter.php(933): App\Controllers\Admin\DataAkunDinas->index()
 7 SYSTEMPATH\CodeIgniter.php(507): CodeIgniter\CodeIgniter->runController(Object(App\Controllers\Admin\DataAkunDinas))
 8 SYSTEMPATH\CodeIgniter.php(354): CodeIgniter\CodeIgniter->handleRequest(null, Object(Config\Cache), false)
 9 SYSTEMPATH\Boot.php(363): CodeIgniter\CodeIgniter->run()
10 SYSTEMPATH\Boot.php(68): CodeIgniter\Boot::runCodeIgniter(Object(CodeIgniter\CodeIgniter))
11 FCPATH\index.php(59): CodeIgniter\Boot::bootWeb(Object(Config\Paths))
12 SYSTEMPATH\rewrite.php(44): require_once('C:\\xampp\\htdocs\\KP_Pensiun\\public\\index.php')
CRITICAL - 2025-10-05 14:32:08 --> ErrorException: Undefined variable $dinasList
[Method: GET, Route: admin/dataakundinas]
in APPPATH\Views\admin\data_akun_dinas.php on line 36.
 1 APPPATH\Views\admin\data_akun_dinas.php(36): CodeIgniter\Debug\Exceptions->errorHandler(2, 'Undefined variable $dinasList', 'C:\\xampp\\htdocs\\KP_Pensiun\\app\\Views\\admin\\data_akun_dinas.php', 36)
 2 SYSTEMPATH\View\View.php(226): include('C:\\xampp\\htdocs\\KP_Pensiun\\app\\Views\\admin\\data_akun_dinas.php')
 3 SYSTEMPATH\View\View.php(229): CodeIgniter\View\View->CodeIgniter\View\{closure}()
 4 SYSTEMPATH\Common.php(1167): CodeIgniter\View\View->render('admin/data_akun_dinas', [], true)
 5 APPPATH\Controllers\Admin\DataAkunDinas.php(20): view('admin/data_akun_dinas', [...])
 6 SYSTEMPATH\CodeIgniter.php(933): App\Controllers\Admin\DataAkunDinas->index()
 7 SYSTEMPATH\CodeIgniter.php(507): CodeIgniter\CodeIgniter->runController(Object(App\Controllers\Admin\DataAkunDinas))
 8 SYSTEMPATH\CodeIgniter.php(354): CodeIgniter\CodeIgniter->handleRequest(null, Object(Config\Cache), false)
 9 SYSTEMPATH\Boot.php(363): CodeIgniter\CodeIgniter->run()
10 SYSTEMPATH\Boot.php(68): CodeIgniter\Boot::runCodeIgniter(Object(CodeIgniter\CodeIgniter))
11 FCPATH\index.php(59): CodeIgniter\Boot::bootWeb(Object(Config\Paths))
12 SYSTEMPATH\rewrite.php(44): require_once('C:\\xampp\\htdocs\\KP_Pensiun\\public\\index.php')
CRITICAL - 2025-10-05 14:36:03 --> CodeIgniter\View\Exceptions\ViewException: Invalid file: "admin/data_akun_dinas/edit.php"
[Method: GET, Route: admin/editdinas/1]
in SYSTEMPATH\Exceptions\FrameworkException.php on line 39.
 1 SYSTEMPATH\View\View.php(214): CodeIgniter\Exceptions\FrameworkException::forInvalidFile('admin/data_akun_dinas/edit.php')
 2 SYSTEMPATH\Common.php(1167): CodeIgniter\View\View->render('admin/data_akun_dinas/edit', [], true)
 3 APPPATH\Controllers\Admin\EditDinas.php(25): view('admin/data_akun_dinas/edit', [...])
 4 SYSTEMPATH\CodeIgniter.php(933): App\Controllers\Admin\EditDinas->index('1')
 5 SYSTEMPATH\CodeIgniter.php(507): CodeIgniter\CodeIgniter->runController(Object(App\Controllers\Admin\EditDinas))
 6 SYSTEMPATH\CodeIgniter.php(354): CodeIgniter\CodeIgniter->handleRequest(null, Object(Config\Cache), false)
 7 SYSTEMPATH\Boot.php(363): CodeIgniter\CodeIgniter->run()
 8 SYSTEMPATH\Boot.php(68): CodeIgniter\Boot::runCodeIgniter(Object(CodeIgniter\CodeIgniter))
 9 FCPATH\index.php(59): CodeIgniter\Boot::bootWeb(Object(Config\Paths))
10 SYSTEMPATH\rewrite.php(44): require_once('C:\\xampp\\htdocs\\KP_Pensiun\\public\\index.php')
CRITICAL - 2025-10-05 15:01:58 --> CodeIgniter\View\Exceptions\ViewException: Invalid file: "admin/data_akun_dinas/edit.php"
[Method: GET, Route: admin/editdinas/1]
in SYSTEMPATH\Exceptions\FrameworkException.php on line 39.
 1 SYSTEMPATH\View\View.php(214): CodeIgniter\Exceptions\FrameworkException::forInvalidFile('admin/data_akun_dinas/edit.php')
 2 SYSTEMPATH\Common.php(1167): CodeIgniter\View\View->render('admin/data_akun_dinas/edit', [], true)
 3 APPPATH\Controllers\Admin\EditDinas.php(25): view('admin/data_akun_dinas/edit', [...])
 4 SYSTEMPATH\CodeIgniter.php(933): App\Controllers\Admin\EditDinas->index('1')
 5 SYSTEMPATH\CodeIgniter.php(507): CodeIgniter\CodeIgniter->runController(Object(App\Controllers\Admin\EditDinas))
 6 SYSTEMPATH\CodeIgniter.php(354): CodeIgniter\CodeIgniter->handleRequest(null, Object(Config\Cache), false)
 7 SYSTEMPATH\Boot.php(363): CodeIgniter\CodeIgniter->run()
 8 SYSTEMPATH\Boot.php(68): CodeIgniter\Boot::runCodeIgniter(Object(CodeIgniter\CodeIgniter))
 9 FCPATH\index.php(59): CodeIgniter\Boot::bootWeb(Object(Config\Paths))
10 SYSTEMPATH\rewrite.php(44): require_once('C:\\xampp\\htdocs\\KP_Pensiun\\public\\index.php')
CRITICAL - 2025-10-05 15:20:29 --> CodeIgniter\View\Exceptions\ViewException: Invalid file: "admin/data_akun_dinas/tambah.php"
[Method: GET, Route: admin/tambahdinas]
in SYSTEMPATH\Exceptions\FrameworkException.php on line 39.
 1 SYSTEMPATH\View\View.php(214): CodeIgniter\Exceptions\FrameworkException::forInvalidFile('admin/data_akun_dinas/tambah.php')
 2 SYSTEMPATH\Common.php(1167): CodeIgniter\View\View->render('admin/data_akun_dinas/tambah', [], true)
 3 APPPATH\Controllers\Admin\TambahDinas.php(19): view('admin/data_akun_dinas/tambah')
 4 SYSTEMPATH\CodeIgniter.php(933): App\Controllers\Admin\TambahDinas->index()
 5 SYSTEMPATH\CodeIgniter.php(507): CodeIgniter\CodeIgniter->runController(Object(App\Controllers\Admin\TambahDinas))
 6 SYSTEMPATH\CodeIgniter.php(354): CodeIgniter\CodeIgniter->handleRequest(null, Object(Config\Cache), false)
 7 SYSTEMPATH\Boot.php(363): CodeIgniter\CodeIgniter->run()
 8 SYSTEMPATH\Boot.php(68): CodeIgniter\Boot::runCodeIgniter(Object(CodeIgniter\CodeIgniter))
 9 FCPATH\index.php(59): CodeIgniter\Boot::bootWeb(Object(Config\Paths))
10 SYSTEMPATH\rewrite.php(44): require_once('C:\\xampp\\htdocs\\KP_Pensiun\\public\\index.php')
