CRITICAL - 2025-08-23 14:28:35 --> ErrorException: Undefined variable $totalPengajuan
[Method: GET, Route: admin/dashboard]
in APPPATH\Views\admin\dashboard.php on line 14.
 1 APPPATH\Views\admin\dashboard.php(14): CodeIgniter\Debug\Exceptions->errorHandler(2, 'Undefined variable $totalPengajuan', 'C:\\xampp\\htdocs\\KP_Pensiun\\app\\Views\\admin\\dashboard.php', 14)
 2 SYSTEMPATH\View\View.php(226): include('C:\\xampp\\htdocs\\KP_Pensiun\\app\\Views\\admin\\dashboard.php')
 3 SYSTEMPATH\View\View.php(229): CodeIgniter\View\View->CodeIgniter\View\{closure}()
 4 SYSTEMPATH\Common.php(1167): CodeIgniter\View\View->render('admin/dashboard', [], true)
 5 APPPATH\Controllers\Admin\Dashboard.php(43): view('admin/dashboard', [...])
 6 SYSTEMPATH\CodeIgniter.php(933): App\Controllers\Admin\Dashboard->index()
 7 SYSTEMPATH\CodeIgniter.php(507): CodeIgniter\CodeIgniter->runController(Object(App\Controllers\Admin\Dashboard))
 8 SYSTEMPATH\CodeIgniter.php(354): CodeIgniter\CodeIgniter->handleRequest(null, Object(Config\Cache), false)
 9 SYSTEMPATH\Boot.php(363): CodeIgniter\CodeIgniter->run()
10 SYSTEMPATH\Boot.php(68): CodeIgniter\Boot::runCodeIgniter(Object(CodeIgniter\CodeIgniter))
11 FCPATH\index.php(59): CodeIgniter\Boot::bootWeb(Object(Config\Paths))
12 SYSTEMPATH\rewrite.php(44): require_once('C:\\xampp\\htdocs\\KP_Pensiun\\public\\index.php')
CRITICAL - 2025-08-23 14:29:37 --> CodeIgniter\View\Exceptions\ViewException: Invalid file: "layouts/admin_template.php"
[Method: GET, Route: admin/dashboard]
in SYSTEMPATH\Exceptions\FrameworkException.php on line 39.
 1 SYSTEMPATH\View\View.php(214): CodeIgniter\Exceptions\FrameworkException::forInvalidFile('layouts/admin_template.php')
 2 SYSTEMPATH\View\View.php(242): CodeIgniter\View\View->render('layouts/admin_template', [], true)
 3 SYSTEMPATH\Common.php(1167): CodeIgniter\View\View->render('admin/dashboard', [], true)
 4 APPPATH\Controllers\Admin\Dashboard.php(43): view('admin/dashboard', [...])
 5 SYSTEMPATH\CodeIgniter.php(933): App\Controllers\Admin\Dashboard->index()
 6 SYSTEMPATH\CodeIgniter.php(507): CodeIgniter\CodeIgniter->runController(Object(App\Controllers\Admin\Dashboard))
 7 SYSTEMPATH\CodeIgniter.php(354): CodeIgniter\CodeIgniter->handleRequest(null, Object(Config\Cache), false)
 8 SYSTEMPATH\Boot.php(363): CodeIgniter\CodeIgniter->run()
 9 SYSTEMPATH\Boot.php(68): CodeIgniter\Boot::runCodeIgniter(Object(CodeIgniter\CodeIgniter))
10 FCPATH\index.php(59): CodeIgniter\Boot::bootWeb(Object(Config\Paths))
11 SYSTEMPATH\rewrite.php(44): require_once('C:\\xampp\\htdocs\\KP_Pensiun\\public\\index.php')
CRITICAL - 2025-08-23 15:35:44 --> ErrorException: Undefined variable $listDinas
[Method: GET, Route: admin/pengajuan/kelola]
in APPPATH\Views\admin\kelola_pengajuan.php on line 15.
 1 APPPATH\Views\admin\kelola_pengajuan.php(15): CodeIgniter\Debug\Exceptions->errorHandler(2, 'Undefined variable $listDinas', 'C:\\xampp\\htdocs\\KP_Pensiun\\app\\Views\\admin\\kelola_pengajuan.php', 15)
 2 SYSTEMPATH\View\View.php(226): include('C:\\xampp\\htdocs\\KP_Pensiun\\app\\Views\\admin\\kelola_pengajuan.php')
 3 SYSTEMPATH\View\View.php(229): CodeIgniter\View\View->CodeIgniter\View\{closure}()
 4 SYSTEMPATH\Common.php(1167): CodeIgniter\View\View->render('admin/kelola_pengajuan', [], true)
 5 APPPATH\Controllers\Admin\Pengajuan.php(40): view('admin/kelola_pengajuan', [...])
 6 SYSTEMPATH\CodeIgniter.php(933): App\Controllers\Admin\Pengajuan->kelola()
 7 SYSTEMPATH\CodeIgniter.php(507): CodeIgniter\CodeIgniter->runController(Object(App\Controllers\Admin\Pengajuan))
 8 SYSTEMPATH\CodeIgniter.php(354): CodeIgniter\CodeIgniter->handleRequest(null, Object(Config\Cache), false)
 9 SYSTEMPATH\Boot.php(363): CodeIgniter\CodeIgniter->run()
10 SYSTEMPATH\Boot.php(68): CodeIgniter\Boot::runCodeIgniter(Object(CodeIgniter\CodeIgniter))
11 FCPATH\index.php(59): CodeIgniter\Boot::bootWeb(Object(Config\Paths))
12 SYSTEMPATH\rewrite.php(44): require_once('C:\\xampp\\htdocs\\KP_Pensiun\\public\\index.php')
