CRITICAL - 2025-08-20 21:59:19 --> ErrorException: Undefined variable $dok
[Method: GET, Route: admin/pengajuan/detail/10]
in APPPATH\Views\admin\detail_pengajuan.php on line 63.
 1 APPPATH\Views\admin\detail_pengajuan.php(63): CodeIgniter\Debug\Exceptions->errorHandler(2, 'Undefined variable $dok', 'C:\\xampp\\htdocs\\KP_Pensiun\\app\\Views\\admin\\detail_pengajuan.php', 63)
 2 SYSTEMPATH\View\View.php(226): include('C:\\xampp\\htdocs\\KP_Pensiun\\app\\Views\\admin\\detail_pengajuan.php')
 3 SYSTEMPATH\View\View.php(229): CodeIgniter\View\View->CodeIgniter\View\{closure}()
 4 SYSTEMPATH\Common.php(1167): CodeIgniter\View\View->render('admin/detail_pengajuan', [], true)
 5 APPPATH\Controllers\Admin\Pengajuan.php(65): view('admin/detail_pengajuan', [...])
 6 SYSTEMPATH\CodeIgniter.php(933): App\Controllers\Admin\Pengajuan->detail('10')
 7 SYSTEMPATH\CodeIgniter.php(507): CodeIgniter\CodeIgniter->runController(Object(App\Controllers\Admin\Pengajuan))
 8 SYSTEMPATH\CodeIgniter.php(354): CodeIgniter\CodeIgniter->handleRequest(null, Object(Config\Cache), false)
 9 SYSTEMPATH\Boot.php(363): CodeIgniter\CodeIgniter->run()
10 SYSTEMPATH\Boot.php(68): CodeIgniter\Boot::runCodeIgniter(Object(CodeIgniter\CodeIgniter))
11 FCPATH\index.php(59): CodeIgniter\Boot::bootWeb(Object(Config\Paths))
12 SYSTEMPATH\rewrite.php(44): require_once('C:\\xampp\\htdocs\\KP_Pensiun\\public\\index.php')
CRITICAL - 2025-08-20 21:59:45 --> ErrorException: Undefined variable $dok
[Method: GET, Route: admin/pengajuan/detail/10]
in APPPATH\Views\admin\detail_pengajuan.php on line 63.
 1 APPPATH\Views\admin\detail_pengajuan.php(63): CodeIgniter\Debug\Exceptions->errorHandler(2, 'Undefined variable $dok', 'C:\\xampp\\htdocs\\KP_Pensiun\\app\\Views\\admin\\detail_pengajuan.php', 63)
 2 SYSTEMPATH\View\View.php(226): include('C:\\xampp\\htdocs\\KP_Pensiun\\app\\Views\\admin\\detail_pengajuan.php')
 3 SYSTEMPATH\View\View.php(229): CodeIgniter\View\View->CodeIgniter\View\{closure}()
 4 SYSTEMPATH\Common.php(1167): CodeIgniter\View\View->render('admin/detail_pengajuan', [], true)
 5 APPPATH\Controllers\Admin\Pengajuan.php(65): view('admin/detail_pengajuan', [...])
 6 SYSTEMPATH\CodeIgniter.php(933): App\Controllers\Admin\Pengajuan->detail('10')
 7 SYSTEMPATH\CodeIgniter.php(507): CodeIgniter\CodeIgniter->runController(Object(App\Controllers\Admin\Pengajuan))
 8 SYSTEMPATH\CodeIgniter.php(354): CodeIgniter\CodeIgniter->handleRequest(null, Object(Config\Cache), false)
 9 SYSTEMPATH\Boot.php(363): CodeIgniter\CodeIgniter->run()
10 SYSTEMPATH\Boot.php(68): CodeIgniter\Boot::runCodeIgniter(Object(CodeIgniter\CodeIgniter))
11 FCPATH\index.php(59): CodeIgniter\Boot::bootWeb(Object(Config\Paths))
12 SYSTEMPATH\rewrite.php(44): require_once('C:\\xampp\\htdocs\\KP_Pensiun\\public\\index.php')
