CRITICAL - 2025-09-25 05:02:13 --> ErrorException: Undefined variable $showModalDitolak
[Method: GET, Route: dinas/dashboard]
in APPPATH\Views\dinas\pengajuan_list.php on line 45.
 1 APPPATH\Views\dinas\pengajuan_list.php(45): CodeIgniter\Debug\Exceptions->errorHandler(2, 'Undefined variable $showModalDitolak', 'C:\\xampp\\htdocs\\KP_Pensiun\\app\\Views\\dinas\\pengajuan_list.php', 45)
 2 SYSTEMPATH\View\View.php(226): include('C:\\xampp\\htdocs\\KP_Pensiun\\app\\Views\\dinas\\pengajuan_list.php')
 3 SYSTEMPATH\View\View.php(229): CodeIgniter\View\View->CodeIgniter\View\{closure}()
 4 SYSTEMPATH\Common.php(1167): CodeIgniter\View\View->render('dinas/pengajuan_list', [], true)
 5 APPPATH\Controllers\Dinas\Dashboard.php(51): view('dinas/pengajuan_list', [...])
 6 SYSTEMPATH\CodeIgniter.php(933): App\Controllers\Dinas\Dashboard->index()
 7 SYSTEMPATH\CodeIgniter.php(507): CodeIgniter\CodeIgniter->runController(Object(App\Controllers\Dinas\Dashboard))
 8 SYSTEMPATH\CodeIgniter.php(354): CodeIgniter\CodeIgniter->handleRequest(null, Object(Config\Cache), false)
 9 SYSTEMPATH\Boot.php(363): CodeIgniter\CodeIgniter->run()
10 SYSTEMPATH\Boot.php(68): CodeIgniter\Boot::runCodeIgniter(Object(CodeIgniter\CodeIgniter))
11 FCPATH\index.php(59): CodeIgniter\Boot::bootWeb(Object(Config\Paths))
12 SYSTEMPATH\rewrite.php(44): require_once('C:\\xampp\\htdocs\\KP_Pensiun\\public\\index.php')
CRITICAL - 2025-09-25 05:03:07 --> ErrorException: Undefined variable $showModalDitolak
[Method: GET, Route: dinas/dashboard]
in APPPATH\Views\dinas\pengajuan_list.php on line 45.
 1 APPPATH\Views\dinas\pengajuan_list.php(45): CodeIgniter\Debug\Exceptions->errorHandler(2, 'Undefined variable $showModalDitolak', 'C:\\xampp\\htdocs\\KP_Pensiun\\app\\Views\\dinas\\pengajuan_list.php', 45)
 2 SYSTEMPATH\View\View.php(226): include('C:\\xampp\\htdocs\\KP_Pensiun\\app\\Views\\dinas\\pengajuan_list.php')
 3 SYSTEMPATH\View\View.php(229): CodeIgniter\View\View->CodeIgniter\View\{closure}()
 4 SYSTEMPATH\Common.php(1167): CodeIgniter\View\View->render('dinas/pengajuan_list', [], true)
 5 APPPATH\Controllers\Dinas\Dashboard.php(51): view('dinas/pengajuan_list', [...])
 6 SYSTEMPATH\CodeIgniter.php(933): App\Controllers\Dinas\Dashboard->index()
 7 SYSTEMPATH\CodeIgniter.php(507): CodeIgniter\CodeIgniter->runController(Object(App\Controllers\Dinas\Dashboard))
 8 SYSTEMPATH\CodeIgniter.php(354): CodeIgniter\CodeIgniter->handleRequest(null, Object(Config\Cache), false)
 9 SYSTEMPATH\Boot.php(363): CodeIgniter\CodeIgniter->run()
10 SYSTEMPATH\Boot.php(68): CodeIgniter\Boot::runCodeIgniter(Object(CodeIgniter\CodeIgniter))
11 FCPATH\index.php(59): CodeIgniter\Boot::bootWeb(Object(Config\Paths))
12 SYSTEMPATH\rewrite.php(44): require_once('C:\\xampp\\htdocs\\KP_Pensiun\\public\\index.php')
CRITICAL - 2025-09-25 05:03:19 --> ErrorException: Undefined variable $showModalDitolak
[Method: GET, Route: dinas/dashboard]
in APPPATH\Views\dinas\pengajuan_list.php on line 45.
 1 APPPATH\Views\dinas\pengajuan_list.php(45): CodeIgniter\Debug\Exceptions->errorHandler(2, 'Undefined variable $showModalDitolak', 'C:\\xampp\\htdocs\\KP_Pensiun\\app\\Views\\dinas\\pengajuan_list.php', 45)
 2 SYSTEMPATH\View\View.php(226): include('C:\\xampp\\htdocs\\KP_Pensiun\\app\\Views\\dinas\\pengajuan_list.php')
 3 SYSTEMPATH\View\View.php(229): CodeIgniter\View\View->CodeIgniter\View\{closure}()
 4 SYSTEMPATH\Common.php(1167): CodeIgniter\View\View->render('dinas/pengajuan_list', [], true)
 5 APPPATH\Controllers\Dinas\Dashboard.php(51): view('dinas/pengajuan_list', [...])
 6 SYSTEMPATH\CodeIgniter.php(933): App\Controllers\Dinas\Dashboard->index()
 7 SYSTEMPATH\CodeIgniter.php(507): CodeIgniter\CodeIgniter->runController(Object(App\Controllers\Dinas\Dashboard))
 8 SYSTEMPATH\CodeIgniter.php(354): CodeIgniter\CodeIgniter->handleRequest(null, Object(Config\Cache), false)
 9 SYSTEMPATH\Boot.php(363): CodeIgniter\CodeIgniter->run()
10 SYSTEMPATH\Boot.php(68): CodeIgniter\Boot::runCodeIgniter(Object(CodeIgniter\CodeIgniter))
11 FCPATH\index.php(59): CodeIgniter\Boot::bootWeb(Object(Config\Paths))
12 SYSTEMPATH\rewrite.php(44): require_once('C:\\xampp\\htdocs\\KP_Pensiun\\public\\index.php')
CRITICAL - 2025-09-25 12:08:13 --> ErrorException: Trying to access array offset on value of type null
[Method: GET, Route: admin/profil]
in APPPATH\Controllers\Admin\Profil.php on line 19.
 1 APPPATH\Controllers\Admin\Profil.php(19): CodeIgniter\Debug\Exceptions->errorHandler(2, 'Trying to access array offset on value of type null', 'C:\\xampp\\htdocs\\KP_Pensiun\\app\\Controllers\\Admin\\Profil.php', 19)
 2 SYSTEMPATH\CodeIgniter.php(933): App\Controllers\Admin\Profil->index()
 3 SYSTEMPATH\CodeIgniter.php(507): CodeIgniter\CodeIgniter->runController(Object(App\Controllers\Admin\Profil))
 4 SYSTEMPATH\CodeIgniter.php(354): CodeIgniter\CodeIgniter->handleRequest(null, Object(Config\Cache), false)
 5 SYSTEMPATH\Boot.php(363): CodeIgniter\CodeIgniter->run()
 6 SYSTEMPATH\Boot.php(68): CodeIgniter\Boot::runCodeIgniter(Object(CodeIgniter\CodeIgniter))
 7 FCPATH\index.php(59): CodeIgniter\Boot::bootWeb(Object(Config\Paths))
 8 SYSTEMPATH\rewrite.php(44): require_once('C:\\xampp\\htdocs\\KP_Pensiun\\public\\index.php')
CRITICAL - 2025-09-25 12:08:26 --> ErrorException: Trying to access array offset on value of type null
[Method: GET, Route: admin/profil/edit]
in APPPATH\Controllers\Admin\Profil.php on line 30.
 1 APPPATH\Controllers\Admin\Profil.php(30): CodeIgniter\Debug\Exceptions->errorHandler(2, 'Trying to access array offset on value of type null', 'C:\\xampp\\htdocs\\KP_Pensiun\\app\\Controllers\\Admin\\Profil.php', 30)
 2 SYSTEMPATH\CodeIgniter.php(933): App\Controllers\Admin\Profil->edit()
 3 SYSTEMPATH\CodeIgniter.php(507): CodeIgniter\CodeIgniter->runController(Object(App\Controllers\Admin\Profil))
 4 SYSTEMPATH\CodeIgniter.php(354): CodeIgniter\CodeIgniter->handleRequest(null, Object(Config\Cache), false)
 5 SYSTEMPATH\Boot.php(363): CodeIgniter\CodeIgniter->run()
 6 SYSTEMPATH\Boot.php(68): CodeIgniter\Boot::runCodeIgniter(Object(CodeIgniter\CodeIgniter))
 7 FCPATH\index.php(59): CodeIgniter\Boot::bootWeb(Object(Config\Paths))
 8 SYSTEMPATH\rewrite.php(44): require_once('C:\\xampp\\htdocs\\KP_Pensiun\\public\\index.php')
CRITICAL - 2025-09-25 12:08:27 --> ErrorException: Trying to access array offset on value of type null
[Method: GET, Route: admin/profil]
in APPPATH\Controllers\Admin\Profil.php on line 19.
 1 APPPATH\Controllers\Admin\Profil.php(19): CodeIgniter\Debug\Exceptions->errorHandler(2, 'Trying to access array offset on value of type null', 'C:\\xampp\\htdocs\\KP_Pensiun\\app\\Controllers\\Admin\\Profil.php', 19)
 2 SYSTEMPATH\CodeIgniter.php(933): App\Controllers\Admin\Profil->index()
 3 SYSTEMPATH\CodeIgniter.php(507): CodeIgniter\CodeIgniter->runController(Object(App\Controllers\Admin\Profil))
 4 SYSTEMPATH\CodeIgniter.php(354): CodeIgniter\CodeIgniter->handleRequest(null, Object(Config\Cache), false)
 5 SYSTEMPATH\Boot.php(363): CodeIgniter\CodeIgniter->run()
 6 SYSTEMPATH\Boot.php(68): CodeIgniter\Boot::runCodeIgniter(Object(CodeIgniter\CodeIgniter))
 7 FCPATH\index.php(59): CodeIgniter\Boot::bootWeb(Object(Config\Paths))
 8 SYSTEMPATH\rewrite.php(44): require_once('C:\\xampp\\htdocs\\KP_Pensiun\\public\\index.php')
CRITICAL - 2025-09-25 12:09:39 --> ErrorException: Trying to access array offset on value of type null
[Method: GET, Route: admin/profil]
in APPPATH\Controllers\Admin\Profil.php on line 19.
 1 APPPATH\Controllers\Admin\Profil.php(19): CodeIgniter\Debug\Exceptions->errorHandler(2, 'Trying to access array offset on value of type null', 'C:\\xampp\\htdocs\\KP_Pensiun\\app\\Controllers\\Admin\\Profil.php', 19)
 2 SYSTEMPATH\CodeIgniter.php(933): App\Controllers\Admin\Profil->index()
 3 SYSTEMPATH\CodeIgniter.php(507): CodeIgniter\CodeIgniter->runController(Object(App\Controllers\Admin\Profil))
 4 SYSTEMPATH\CodeIgniter.php(354): CodeIgniter\CodeIgniter->handleRequest(null, Object(Config\Cache), false)
 5 SYSTEMPATH\Boot.php(363): CodeIgniter\CodeIgniter->run()
 6 SYSTEMPATH\Boot.php(68): CodeIgniter\Boot::runCodeIgniter(Object(CodeIgniter\CodeIgniter))
 7 FCPATH\index.php(59): CodeIgniter\Boot::bootWeb(Object(Config\Paths))
 8 SYSTEMPATH\rewrite.php(44): require_once('C:\\xampp\\htdocs\\KP_Pensiun\\public\\index.php')
